@storybook/cli v7.3.2

info => Cleaning outputDir: C:\Users\ssssk\AppData\Local\Temp\chromatic--25252-1DHFf0hd1T3P
info => Loading presets
info => Building manager..
info => Manager built (290 ms)
info => Compiling preview..
info => Copying static files: C:\Users\ssssk\바탕 화면\새 폴더\my_folder\IT\code\git_ssssksss\CODE\REACT_PROJECT\ssssksss_blog_frontend\node_modules\@storybook\manager\static at C:\Users\ssssk\AppData\Local\Temp\chromatic--25252-1DHFf0hd1T3P\sb-common-assets
WARN You (or an addon) are using the 'config' preset field. This has been replaced by 'previewAnnotations' and will be removed in 8.0
info Addon-docs: using MDX2
info => Using implicit CSS loaders
info => Using default Webpack5 setup
<s> [webpack.Progress] 0% 

<s> [webpack.Progress] 1% setup before run
<s> [webpack.Progress] 1% setup before run NodeEnvironmentPlugin
<s> [webpack.Progress] 1% setup before run
<s> [webpack.Progress] 2% setup run
<s> [webpack.Progress] 2% setup run
<s> [webpack.Progress] 4% setup normal module factory
<s> [webpack.Progress] 4% setup normal module factory CaseSensitivePathsPlugin
<s> [webpack.Progress] 4% setup normal module factory IgnorePlugin
<s> [webpack.Progress] 4% setup normal module factory IgnorePlugin
<s> [webpack.Progress] 4% setup normal module factory IgnorePlugin
<s> [webpack.Progress] 4% setup normal module factory IgnorePlugin
<s> [webpack.Progress] 4% setup normal module factory
<s> [webpack.Progress] 5% setup context module factory
<s> [webpack.Progress] 5% setup context module factory IgnorePlugin
<s> [webpack.Progress] 5% setup context module factory IgnorePlugin
<s> [webpack.Progress] 5% setup context module factory IgnorePlugin
<s> [webpack.Progress] 5% setup context module factory IgnorePlugin
<s> [webpack.Progress] 5% setup context module factory
<s> [webpack.Progress] 6% setup before compile
<s> [webpack.Progress] 6% setup before compile ProgressPlugin
<s> [webpack.Progress] 6% setup before compile
<s> [webpack.Progress] 7% setup compile
<s> [webpack.Progress] 7% setup compile ExternalsPlugin
<s> [webpack.Progress] 7% setup compile ExternalsPlugin
<s> [webpack.Progress] 7% setup compile
<s> [webpack.Progress] 8% setup compilation
<s> [webpack.Progress] 8% setup compilation unplugin-csf
<s> [webpack.Progress] 8% setup compilation ArrayPushCallbackChunkFormatPlugin
<s> [webpack.Progress] 8% setup compilation JsonpChunkLoadingPlugin
<s> [webpack.Progress] 8% setup compilation StartupChunkDependenciesPlugin
<s> [webpack.Progress] 8% setup compilation ImportScriptsChunkLoadingPlugin
<s> [webpack.Progress] 8% setup compilation FetchCompileWasmPlugin
<s> [webpack.Progress] 8% setup compilation FetchCompileAsyncWasmPlugin
<s> [webpack.Progress] 8% setup compilation WorkerPlugin
<s> [webpack.Progress] 8% setup compilation SplitChunksPlugin
<s> [webpack.Progress] 8% setup compilation RuntimeChunkPlugin
<s> [webpack.Progress] 8% setup compilation ResolverCachePlugin
<s> [webpack.Progress] 8% setup compilation HtmlWebpackPlugin
<s> [webpack.Progress] 8% setup compilation
<s> [webpack.Progress] 9% setup compilation
<s> [webpack.Progress] 9% setup compilation DefinePlugin
<s> [webpack.Progress] 9% setup compilation ProvidePlugin
<s> [webpack.Progress] 9% setup compilation ProgressPlugin
<s> [webpack.Progress] 9% setup compilation DocGenPlugin
<s> [webpack.Progress] 9% setup compilation DefinePlugin
<s> [webpack.Progress] 9% setup compilation DefinePlugin
<s> [webpack.Progress] 9% setup compilation ProvidePlugin
<s> [webpack.Progress] 9% setup compilation ChunkPrefetchPreloadPlugin
<s> [webpack.Progress] 9% setup compilation SourceMapDevToolPlugin
<s> [webpack.Progress] 9% setup compilation JavascriptModulesPlugin
<s> [webpack.Progress] 9% setup compilation JsonModulesPlugin
<s> [webpack.Progress] 9% setup compilation AssetModulesPlugin
<s> [webpack.Progress] 9% setup compilation EntryPlugin
<s> [webpack.Progress] 9% setup compilation RuntimePlugin
<s> [webpack.Progress] 9% setup compilation InferAsyncModulesPlugin
<s> [webpack.Progress] 9% setup compilation DataUriPlugin
<s> [webpack.Progress] 9% setup compilation FileUriPlugin
<s> [webpack.Progress] 9% setup compilation CompatibilityPlugin
<s> [webpack.Progress] 9% setup compilation HarmonyModulesPlugin
<s> [webpack.Progress] 9% setup compilation AMDPlugin
<s> [webpack.Progress] 9% setup compilation RequireJsStuffPlugin
<s> [webpack.Progress] 9% setup compilation CommonJsPlugin
<s> [webpack.Progress] 9% setup compilation LoaderPlugin
<s> [webpack.Progress] 9% setup compilation LoaderPlugin
<s> [webpack.Progress] 9% setup compilation NodeStuffPlugin
<s> [webpack.Progress] 9% setup compilation APIPlugin
<s> [webpack.Progress] 9% setup compilation ExportsInfoApiPlugin
<s> [webpack.Progress] 9% setup compilation WebpackIsIncludedPlugin
<s> [webpack.Progress] 9% setup compilation ConstPlugin
<s> [webpack.Progress] 9% setup compilation UseStrictPlugin
<s> [webpack.Progress] 9% setup compilation RequireIncludePlugin
<s> [webpack.Progress] 9% setup compilation RequireEnsurePlugin
<s> [webpack.Progress] 9% setup compilation RequireContextPlugin
<s> [webpack.Progress] 9% setup compilation ImportPlugin
<s> [webpack.Progress] 9% setup compilation ImportMetaContextPlugin
<s> [webpack.Progress] 9% setup compilation SystemPlugin
<s> [webpack.Progress] 9% setup compilation ImportMetaPlugin
<s> [webpack.Progress] 9% setup compilation URLPlugin
<s> [webpack.Progress] 9% setup compilation DefaultStatsFactoryPlugin
<s> [webpack.Progress] 9% setup compilation DefaultStatsPresetPlugin
<s> [webpack.Progress] 9% setup compilation DefaultStatsPrinterPlugin
<s> [webpack.Progress] 9% setup compilation JavascriptMetaInfoPlugin
<s> [webpack.Progress] 9% setup compilation EnsureChunkConditionsPlugin
<s> [webpack.Progress] 9% setup compilation RemoveEmptyChunksPlugin
<s> [webpack.Progress] 9% setup compilation MergeDuplicateChunksPlugin
<s> [webpack.Progress] 9% setup compilation FlagIncludedChunksPlugin
<s> [webpack.Progress] 9% setup compilation SideEffectsFlagPlugin
<s> [webpack.Progress] 9% setup compilation FlagDependencyExportsPlugin
<s> [webpack.Progress] 9% setup compilation FlagDependencyUsagePlugin
<s> [webpack.Progress] 9% setup compilation InnerGraphPlugin
<s> [webpack.Progress] 9% setup compilation MangleExportsPlugin
<s> [webpack.Progress] 9% setup compilation ModuleConcatenationPlugin
<s> [webpack.Progress] 9% setup compilation NoEmitOnErrorsPlugin
<s> [webpack.Progress] 9% setup compilation RealContentHashPlugin
<s> [webpack.Progress] 9% setup compilation WasmFinalizeExportsPlugin
<s> [webpack.Progress] 9% setup compilation NamedModuleIdsPlugin
<s> [webpack.Progress] 9% setup compilation DeterministicChunkIdsPlugin
<s> [webpack.Progress] 9% setup compilation DefinePlugin
<s> [webpack.Progress] 9% setup compilation TerserPlugin
<s> [webpack.Progress] 9% setup compilation TemplatedPathPlugin
<s> [webpack.Progress] 9% setup compilation RecordIdsPlugin
<s> [webpack.Progress] 9% setup compilation WarnCaseSensitiveModulesPlugin
<s> [webpack.Progress] 9% setup compilation IgnoreWarningsPlugin
<s> [webpack.Progress] 9% setup compilation
<s> [webpack.Progress] 10% building
<s> [webpack.Progress] 10% building 0/1 entries 0/0 dependencies 0/0 modules
<s> [webpack.Progress] 16% building import loader ./node_modules/@storybook/builder-webpack5/node_modules/babel-loader/lib/index.js
<s> [webpack.Progress] 16% building 0/1 entries 18/26 dependencies 2/18 modules
<s> [webpack.Progress] 23% building 0/1 entries 33/72 dependencies 6/25 modules
<s> [webpack.Progress] 24% building import loader ./node_modules/@storybook/mdx2-csf/loader.js
<s> [webpack.Progress] 24% building 0/1 entries 35/72 dependencies 7/27 modules
<s> [webpack.Progress] 23% building import loader ./node_modules/unplugin/dist/webpack/loaders/load.js
<s> [webpack.Progress] 23% building 0/1 entries 41/84 dependencies 7/29 modules
<s> [webpack.Progress] 17% building 0/1 entries 105/132 dependencies 10/69 modules
<s> [webpack.Progress] 29% building 0/1 entries 327/400 dependencies 67/186 modules
<s> [webpack.Progress] 42% building 0/1 entries 900/942 dependencies 229/390 modules
<s> [webpack.Progress] 55% building 0/1 entries 1200/1248 dependencies 421/507 modules
<s> [webpack.Progress] 65% building 1/1 entries 1451/1451 dependencies 589/589 modules
<s> [webpack.Progress] 65% building
<s> [webpack.Progress] 69% building finish
<s> [webpack.Progress] 69% building finish
<s> [webpack.Progress] 70% sealing finish module graph
<s> [webpack.Progress] 70% sealing finish module graph ResolverCachePlugin
<s> [webpack.Progress] 70% sealing finish module graph InferAsyncModulesPlugin
<s> [webpack.Progress] 70% sealing finish module graph FlagDependencyExportsPlugin
<s> [webpack.Progress] 70% sealing finish module graph InnerGraphPlugin
<s> [webpack.Progress] 70% sealing finish module graph WasmFinalizeExportsPlugin
<s> [webpack.Progress] 70% sealing finish module graph
<s> [webpack.Progress] 70% sealing plugins
<s> [webpack.Progress] 70% sealing plugins DocGenPlugin
<s> [webpack.Progress] 70% sealing plugins WarnCaseSensitiveModulesPlugin
<s> [webpack.Progress] 70% sealing plugins
<s> [webpack.Progress] 71% sealing dependencies optimization
<s> [webpack.Progress] 71% sealing dependencies optimization SideEffectsFlagPlugin
<s> [webpack.Progress] 71% sealing dependencies optimization FlagDependencyUsagePlugin
<s> [webpack.Progress] 71% sealing dependencies optimization
<s> [webpack.Progress] 71% sealing after dependencies optimization
<s> [webpack.Progress] 71% sealing after dependencies optimization
<s> [webpack.Progress] 72% sealing chunk graph
<s> [webpack.Progress] 72% sealing chunk graph
<s> [webpack.Progress] 73% sealing after chunk graph
<s> [webpack.Progress] 73% sealing after chunk graph
<s> [webpack.Progress] 73% sealing optimizing
<s> [webpack.Progress] 73% sealing optimizing
<s> [webpack.Progress] 74% sealing module optimization
<s> [webpack.Progress] 74% sealing module optimization
<s> [webpack.Progress] 75% sealing after module optimization
<s> [webpack.Progress] 75% sealing after module optimization
<s> [webpack.Progress] 75% sealing chunk optimization
<s> [webpack.Progress] 75% sealing chunk optimization EnsureChunkConditionsPlugin
<s> [webpack.Progress] 75% sealing chunk optimization RemoveEmptyChunksPlugin
<s> [webpack.Progress] 75% sealing chunk optimization MergeDuplicateChunksPlugin
<s> [webpack.Progress] 75% sealing chunk optimization SplitChunksPlugin
<s> [webpack.Progress] 75% sealing chunk optimization RemoveEmptyChunksPlugin
<s> [webpack.Progress] 75% sealing chunk optimization
<s> [webpack.Progress] 76% sealing after chunk optimization
<s> [webpack.Progress] 76% sealing after chunk optimization
<s> [webpack.Progress] 77% sealing module and chunk tree optimization
<s> [webpack.Progress] 77% sealing module and chunk tree optimization PersistentChildCompilerSingletonPlugin
<s> [webpack.Progress] 77% sealing module and chunk tree optimization
<s> [webpack.Progress] 77% sealing after module and chunk tree optimization
<s> [webpack.Progress] 77% sealing after module and chunk tree optimization
<s> [webpack.Progress] 78% sealing chunk modules optimization
<s> [webpack.Progress] 78% sealing chunk modules optimization ModuleConcatenationPlugin
<s> [webpack.Progress] 78% sealing chunk modules optimization
<s> [webpack.Progress] 78% sealing after chunk modules optimization
<s> [webpack.Progress] 78% sealing after chunk modules optimization
<s> [webpack.Progress] 79% sealing module reviving
<s> [webpack.Progress] 79% sealing module reviving RecordIdsPlugin
<s> [webpack.Progress] 79% sealing module reviving
<s> [webpack.Progress] 80% sealing before module ids
<s> [webpack.Progress] 80% sealing before module ids
<s> [webpack.Progress] 80% sealing module ids
<s> [webpack.Progress] 80% sealing module ids NamedModuleIdsPlugin
<s> [webpack.Progress] 80% sealing module ids
<s> [webpack.Progress] 81% sealing module id optimization
<s> [webpack.Progress] 81% sealing module id optimization
<s> [webpack.Progress] 82% sealing module id optimization
<s> [webpack.Progress] 82% sealing module id optimization
<s> [webpack.Progress] 82% sealing chunk reviving
<s> [webpack.Progress] 82% sealing chunk reviving RecordIdsPlugin
<s> [webpack.Progress] 82% sealing chunk reviving
<s> [webpack.Progress] 83% sealing before chunk ids
<s> [webpack.Progress] 83% sealing before chunk ids
<s> [webpack.Progress] 84% sealing chunk ids
<s> [webpack.Progress] 84% sealing chunk ids DeterministicChunkIdsPlugin
<s> [webpack.Progress] 84% sealing chunk ids
<s> [webpack.Progress] 84% sealing chunk id optimization
<s> [webpack.Progress] 84% sealing chunk id optimization FlagIncludedChunksPlugin
<s> [webpack.Progress] 84% sealing chunk id optimization
<s> [webpack.Progress] 85% sealing after chunk id optimization
<s> [webpack.Progress] 85% sealing after chunk id optimization
<s> [webpack.Progress] 86% sealing record modules
<s> [webpack.Progress] 86% sealing record modules RecordIdsPlugin
<s> [webpack.Progress] 86% sealing record modules
<s> [webpack.Progress] 86% sealing record chunks
<s> [webpack.Progress] 86% sealing record chunks RecordIdsPlugin
<s> [webpack.Progress] 86% sealing record chunks
<s> [webpack.Progress] 87% sealing module hashing
<s> [webpack.Progress] 87% sealing module hashing
<s> [webpack.Progress] 87% sealing code generation
<s> [webpack.Progress] 87% sealing code generation
<s> [webpack.Progress] 88% sealing runtime requirements
<s> [webpack.Progress] 88% sealing runtime requirements
<s> [webpack.Progress] 89% sealing hashing
<s> [webpack.Progress] 89% sealing hashing
<s> [webpack.Progress] 89% sealing after hashing
<s> [webpack.Progress] 89% sealing after hashing
<s> [webpack.Progress] 90% sealing record hash
<s> [webpack.Progress] 90% sealing record hash
<s> [webpack.Progress] 91% sealing module assets processing
<s> [webpack.Progress] 91% sealing module assets processing
<s> [webpack.Progress] 91% sealing chunk assets processing
<s> [webpack.Progress] 91% sealing chunk assets processing
<s> [webpack.Progress] 92% sealing asset processing
<s> [webpack.Progress] 92% sealing asset processing PersistentChildCompilerSingletonPlugin
<s> [webpack.Progress] 92% sealing asset processing TerserPlugin
<s> [webpack.Progress] 92% sealing asset processing SourceMapDevToolPlugin
<s> [webpack.Progress] 92% sealing asset processing SourceMapDevToolPlugin
<s> [webpack.Progress] 92% sealing asset processing SourceMapDevToolPlugin main.b3feb0c8.iframe.bundle.js generate SourceMap
<s> [webpack.Progress] 92% sealing asset processing SourceMapDevToolPlugin main.b3feb0c8.iframe.bundle.js generated SourceMap
<s> [webpack.Progress] 92% sealing asset processing SourceMapDevToolPlugin runtime~main.82a82f17.iframe.bundle.js generate SourceMap
<s> [webpack.Progress] 92% sealing asset processing SourceMapDevToolPlugin runtime~main.82a82f17.iframe.bundle.js generated SourceMap
<s> [webpack.Progress] 92% sealing asset processing SourceMapDevToolPlugin stories-Configure-mdx.8bf1e8a3.iframe.bundle.js generate SourceMap
<s> [webpack.Progress] 92% sealing asset processing SourceMapDevToolPlugin stories-Configure-mdx.8bf1e8a3.iframe.bundle.js generated SourceMap
<s> [webpack.Progress] 92% sealing asset processing SourceMapDevToolPlugin stories-Button-stories.e641cb62.iframe.bundle.js generate SourceMap
<s> [webpack.Progress] 92% sealing asset processing SourceMapDevToolPlugin stories-Button-stories.e641cb62.iframe.bundle.js generated SourceMap
<s> [webpack.Progress] 92% sealing asset processing SourceMapDevToolPlugin 453.d50b9d3f.iframe.bundle.js generate SourceMap
<s> [webpack.Progress] 92% sealing asset processing SourceMapDevToolPlugin 453.d50b9d3f.iframe.bundle.js generated SourceMap
<s> [webpack.Progress] 92% sealing asset processing SourceMapDevToolPlugin 857.da846e4b.iframe.bundle.js generate SourceMap
<s> [webpack.Progress] 92% sealing asset processing SourceMapDevToolPlugin 857.da846e4b.iframe.bundle.js generated SourceMap
<s> [webpack.Progress] 92% sealing asset processing SourceMapDevToolPlugin 889.46c5b78e.iframe.bundle.js generate SourceMap
<s> [webpack.Progress] 92% sealing asset processing SourceMapDevToolPlugin 889.46c5b78e.iframe.bundle.js generated SourceMap
<s> [webpack.Progress] 92% sealing asset processing SourceMapDevToolPlugin 150.17f7b38a.iframe.bundle.js generate SourceMap
<s> [webpack.Progress] 92% sealing asset processing SourceMapDevToolPlugin 150.17f7b38a.iframe.bundle.js generated SourceMap
<s> [webpack.Progress] 92% sealing asset processing SourceMapDevToolPlugin 802.b78198d3.iframe.bundle.js generate SourceMap
<s> [webpack.Progress] 92% sealing asset processing SourceMapDevToolPlugin 802.b78198d3.iframe.bundle.js generated SourceMap
<s> [webpack.Progress] 92% sealing asset processing SourceMapDevToolPlugin 311.88b8d51b.iframe.bundle.js generate SourceMap
<s> [webpack.Progress] 92% sealing asset processing SourceMapDevToolPlugin 311.88b8d51b.iframe.bundle.js generated SourceMap
<s> [webpack.Progress] 92% sealing asset processing SourceMapDevToolPlugin 380.6a250bba.iframe.bundle.js generate SourceMap
<s> [webpack.Progress] 92% sealing asset processing SourceMapDevToolPlugin 380.6a250bba.iframe.bundle.js generated SourceMap
<s> [webpack.Progress] 92% sealing asset processing SourceMapDevToolPlugin 294.aead7a70.iframe.bundle.js generate SourceMap
<s> [webpack.Progress] 92% sealing asset processing SourceMapDevToolPlugin 294.aead7a70.iframe.bundle.js generated SourceMap
<s> [webpack.Progress] 92% sealing asset processing SourceMapDevToolPlugin 120.207b8537.iframe.bundle.js generate SourceMap
<s> [webpack.Progress] 92% sealing asset processing SourceMapDevToolPlugin 120.207b8537.iframe.bundle.js generated SourceMap
<s> [webpack.Progress] 92% sealing asset processing SourceMapDevToolPlugin 374.365413ce.iframe.bundle.js generate SourceMap
<s> [webpack.Progress] 92% sealing asset processing SourceMapDevToolPlugin 374.365413ce.iframe.bundle.js generated SourceMap
<s> [webpack.Progress] 92% sealing asset processing SourceMapDevToolPlugin 270.32dfab14.iframe.bundle.js generate SourceMap
<s> [webpack.Progress] 92% sealing asset processing SourceMapDevToolPlugin 270.32dfab14.iframe.bundle.js generated SourceMap
<s> [webpack.Progress] 92% sealing asset processing SourceMapDevToolPlugin 878.7b796ff6.iframe.bundle.js generate SourceMap
<s> [webpack.Progress] 92% sealing asset processing SourceMapDevToolPlugin 878.7b796ff6.iframe.bundle.js generated SourceMap
<s> [webpack.Progress] 92% sealing asset processing SourceMapDevToolPlugin resolve sources
<s> [webpack.Progress] 92% sealing asset processing SourceMapDevToolPlugin 150.17f7b38a.iframe.bundle.js attach SourceMap
<s> [webpack.Progress] 92% sealing asset processing SourceMapDevToolPlugin 150.17f7b38a.iframe.bundle.js attached SourceMap
<s> [webpack.Progress] 92% sealing asset processing SourceMapDevToolPlugin 120.207b8537.iframe.bundle.js attach SourceMap
<s> [webpack.Progress] 92% sealing asset processing SourceMapDevToolPlugin 120.207b8537.iframe.bundle.js attached SourceMap
<s> [webpack.Progress] 92% sealing asset processing SourceMapDevToolPlugin 374.365413ce.iframe.bundle.js attach SourceMap
<s> [webpack.Progress] 92% sealing asset processing SourceMapDevToolPlugin 374.365413ce.iframe.bundle.js attached SourceMap
<s> [webpack.Progress] 92% sealing asset processing SourceMapDevToolPlugin
<s> [webpack.Progress] 92% sealing asset processing SourceMapDevToolPlugin
<s> [webpack.Progress] 92% sealing asset processing SourceMapDevToolPlugin resolve sources
<s> [webpack.Progress] 92% sealing asset processing SourceMapDevToolPlugin
<s> [webpack.Progress] 92% sealing asset processing HtmlWebpackPlugin
<s> [webpack.Progress] 92% sealing asset processing HtmlWebpackPlugin
<s> [webpack.Progress] 92% sealing asset processing HtmlWebpackPlugin resolve sources
<s> [webpack.Progress] 92% sealing asset processing HtmlWebpackPlugin
<s> [webpack.Progress] 92% sealing asset processing RealContentHashPlugin
<s> [webpack.Progress] 92% sealing asset processing RealContentHashPlugin
<s> [webpack.Progress] 92% sealing asset processing RealContentHashPlugin main.99361897.iframe.bundle.js generate SourceMap
<s> [webpack.Progress] 92% sealing asset processing RealContentHashPlugin main.99361897.iframe.bundle.js generated SourceMap
<s> [webpack.Progress] 92% sealing asset processing RealContentHashPlugin runtime~main.69dc83f4.iframe.bundle.js generate SourceMap
<s> [webpack.Progress] 92% sealing asset processing RealContentHashPlugin runtime~main.69dc83f4.iframe.bundle.js generated SourceMap
<s> [webpack.Progress] 92% sealing asset processing RealContentHashPlugin stories-Configure-mdx.0c3c4499.iframe.bundle.js generate SourceMap
<s> [webpack.Progress] 92% sealing asset processing RealContentHashPlugin stories-Configure-mdx.0c3c4499.iframe.bundle.js generated SourceMap
<s> [webpack.Progress] 92% sealing asset processing RealContentHashPlugin stories-Button-stories.95a580a4.iframe.bundle.js generate SourceMap
<s> [webpack.Progress] 92% sealing asset processing RealContentHashPlugin stories-Button-stories.95a580a4.iframe.bundle.js generated SourceMap
<s> [webpack.Progress] 92% sealing asset processing RealContentHashPlugin 453.677323a3.iframe.bundle.js generate SourceMap
<s> [webpack.Progress] 92% sealing asset processing RealContentHashPlugin 453.677323a3.iframe.bundle.js generated SourceMap
<s> [webpack.Progress] 92% sealing asset processing RealContentHashPlugin 857.e3190d77.iframe.bundle.js generate SourceMap
<s> [webpack.Progress] 92% sealing asset processing RealContentHashPlugin 857.e3190d77.iframe.bundle.js generated SourceMap
<s> [webpack.Progress] 92% sealing asset processing RealContentHashPlugin 889.efced5bd.iframe.bundle.js generate SourceMap
<s> [webpack.Progress] 92% sealing asset processing RealContentHashPlugin 889.efced5bd.iframe.bundle.js generated SourceMap
<s> [webpack.Progress] 92% sealing asset processing RealContentHashPlugin 802.b4bbfeb2.iframe.bundle.js generate SourceMap
<s> [webpack.Progress] 92% sealing asset processing RealContentHashPlugin 802.b4bbfeb2.iframe.bundle.js generated SourceMap
<s> [webpack.Progress] 92% sealing asset processing RealContentHashPlugin 311.aa93ba99.iframe.bundle.js generate SourceMap
<s> [webpack.Progress] 92% sealing asset processing RealContentHashPlugin 311.aa93ba99.iframe.bundle.js generated SourceMap
<s> [webpack.Progress] 92% sealing asset processing RealContentHashPlugin 380.fa5b7ecb.iframe.bundle.js generate SourceMap
<s> [webpack.Progress] 92% sealing asset processing RealContentHashPlugin 380.fa5b7ecb.iframe.bundle.js generated SourceMap
<s> [webpack.Progress] 92% sealing asset processing RealContentHashPlugin 294.e1911863.iframe.bundle.js generate SourceMap
<s> [webpack.Progress] 92% sealing asset processing RealContentHashPlugin 294.e1911863.iframe.bundle.js generated SourceMap
<s> [webpack.Progress] 92% sealing asset processing RealContentHashPlugin 270.9e5378dd.iframe.bundle.js generate SourceMap
<s> [webpack.Progress] 92% sealing asset processing RealContentHashPlugin 270.9e5378dd.iframe.bundle.js generated SourceMap
<s> [webpack.Progress] 92% sealing asset processing RealContentHashPlugin 878.293dd89c.iframe.bundle.js generate SourceMap
<s> [webpack.Progress] 92% sealing asset processing RealContentHashPlugin 878.293dd89c.iframe.bundle.js generated SourceMap
<s> [webpack.Progress] 92% sealing asset processing RealContentHashPlugin resolve sources
<s> [webpack.Progress] 92% sealing asset processing RealContentHashPlugin
<s> [webpack.Progress] 92% sealing asset processing
<s> [webpack.Progress] 93% sealing after asset optimization
<s> [webpack.Progress] 93% sealing after asset optimization
<s> [webpack.Progress] 93% sealing recording
<s> [webpack.Progress] 93% sealing recording
<s> [webpack.Progress] 94% sealing after seal
<s> [webpack.Progress] 94% sealing after seal
<s> [webpack.Progress] 95% emitting emit
<s> [webpack.Progress] 95% emitting emit
<s> [webpack.Progress] 98% emitting after emit
<s> [webpack.Progress] 98% emitting after emit SizeLimitsPlugin
<s> [webpack.Progress] 98% emitting after emit
<s> [webpack.Progress] 99% done plugins
<s> [webpack.Progress] 99% done plugins CaseSensitivePathsPlugin
<s> [webpack.Progress] 99% done plugins
<s> [webpack.Progress] 99% 

<s> [webpack.Progress] 99% cache store build dependencies
<s> [webpack.Progress] 99% cache store build dependencies
<s> [webpack.Progress] 99% cache begin idle
<s> [webpack.Progress] 99% cache begin idle
<s> [webpack.Progress] 100% 

info => Preview built (13 s)
WARN export 'Icon'.'Zoom' (imported as 'Icon') was not found in '@storybook/components/experimental' (possible exports: AccessibilityAltIcon, AccessibilityIcon, AddIcon, AdminIcon, AlertAltIcon, AlertIcon, AlignLeftIcon, AlignRightIcon, AppleIcon, ArrowDownIcon, ArrowLeftIcon, ArrowRightIcon, ArrowSolidDownIcon, ArrowSolidLeftIcon, ArrowSolidRightIcon, ArrowSolidUpIcon, ArrowUpIcon, AzureDevOpsIcon, BackIcon, BasketIcon, BatchAcceptIcon, BatchDenyIcon, BeakerIcon, BellIcon, BitbucketIcon, BoldIcon, BookIcon, BookmarkHollowIcon, BookmarkIcon, BottomBarIcon, BottomBarToggleIcon, BoxIcon, BranchIcon, BrowserIcon, ButtonIcon, CPUIcon, CalendarIcon, CameraIcon, CategoryIcon, CertificateIcon, ChangedIcon, ChatIcon, CheckIcon, ChevronDownIcon, ChevronLeftIcon, ChevronRightIcon, ChevronSmallDownIcon, ChevronSmallLeftIcon, ChevronSmallRightIcon, ChevronSmallUpIcon, ChevronUpIcon, ChromaticIcon, ChromeIcon, CircleHollowIcon, CircleIcon, ClearIcon, CloseAltIcon, CloseIcon, CloudHollowIcon, CloudIcon, CogIcon, CollapseIcon, CommandIcon, CommentAddIcon, CommentIcon, CommentsIcon, CommitIcon, CompassIcon, ComponentDrivenIcon, ComponentIcon, ContrastIcon, ControlsIcon, CopyIcon, CreditIcon, CrossIcon, DashboardIcon, DatabaseIcon, DeleteIcon, DiamondIcon, DirectionIcon, DiscordIcon, DocChartIcon, DocListIcon, DocumentIcon, DownloadIcon, DragIcon, EditIcon, EllipsisIcon, EmailIcon, ExpandAltIcon, ExpandIcon, EyeCloseIcon, EyeIcon, FaceHappyIcon, FaceNeutralIcon, FaceSadIcon, FacebookIcon, FailedIcon, FastForwardIcon, FigmaIcon, FilterIcon, FlagIcon, FolderIcon, FormIcon, GDriveIcon, GithubIcon, GitlabIcon, GlobeIcon, GoogleIcon, GraphBarIcon, GraphLineIcon, GraphqlIcon, GridAltIcon, GridIcon, GrowIcon, HeartHollowIcon, HeartIcon, HomeIcon, HourglassIcon, InfoIcon, ItalicIcon, JumpToIcon, KeyIcon, LightningIcon, LightningOffIcon, LinkBrokenIcon, LinkIcon, LinkedinIcon, LinuxIcon, ListOrderedIcon, ListUnorderedIcon, LocationIcon, LockIcon, MarkdownIcon, MarkupIcon, MediumIcon, MemoryIcon, MenuIcon, MergeIcon, MirrorIcon, MobileIcon, MoonIcon, NutIcon, OutboxIcon, OutlineIcon, PaintBrushIcon, PaperClipIcon, ParagraphIcon, PassedIcon, PhoneIcon, PhotoDragIcon, PhotoIcon, PinAltIcon, PinIcon, PlayBackIcon, PlayIcon, PlayNextIcon, PlusIcon, PointerDefaultIcon, PointerHandIcon, PowerIcon, PrintIcon, ProceedIcon, ProfileIcon, PullRequestIcon, QuestionIcon, RSSIcon, RedirectIcon, ReduxIcon, RefreshIcon, ReplyIcon, RepoIcon, RequestChangeIcon, RewindIcon, RulerIcon, SearchIcon, ShareAltIcon, ShareIcon, ShieldIcon, SideBySideIcon, SidebarAltIcon, SidebarAltToggleIcon, SidebarIcon, SidebarToggleIcon, SpeakerIcon, StackedIcon, StarHollowIcon, StarIcon, StickerIcon, StopAltIcon, StopIcon, StorybookIcon, StructureIcon, SubtractIcon, SunIcon, SupportIcon, SwitchAltIcon, SyncIcon, TabletIcon, ThumbsUpIcon, TimeIcon, TimerIcon, TransferIcon, TrashIcon, TwitterIcon, TypeIcon, UbuntuIcon, UndoIcon, UnfoldIcon, UnlockIcon, UnpinIcon, UploadIcon, UserAddIcon, UserAltIcon, UserIcon, UsersIcon, VSCodeIcon, VerifiedIcon, VideoIcon, WandIcon, WatchIcon, WindowsIcon, WrenchIcon, YoutubeIcon, ZoomIcon, ZoomOutIcon, ZoomResetIcon, iconList)
WARN export 'Icon'.'ZoomOut' (imported as 'Icon') was not found in '@storybook/components/experimental' (possible exports: AccessibilityAltIcon, AccessibilityIcon, AddIcon, AdminIcon, AlertAltIcon, AlertIcon, AlignLeftIcon, AlignRightIcon, AppleIcon, ArrowDownIcon, ArrowLeftIcon, ArrowRightIcon, ArrowSolidDownIcon, ArrowSolidLeftIcon, ArrowSolidRightIcon, ArrowSolidUpIcon, ArrowUpIcon, AzureDevOpsIcon, BackIcon, BasketIcon, BatchAcceptIcon, BatchDenyIcon, BeakerIcon, BellIcon, BitbucketIcon, BoldIcon, BookIcon, BookmarkHollowIcon, BookmarkIcon, BottomBarIcon, BottomBarToggleIcon, BoxIcon, BranchIcon, BrowserIcon, ButtonIcon, CPUIcon, CalendarIcon, CameraIcon, CategoryIcon, CertificateIcon, ChangedIcon, ChatIcon, CheckIcon, ChevronDownIcon, ChevronLeftIcon, ChevronRightIcon, ChevronSmallDownIcon, ChevronSmallLeftIcon, ChevronSmallRightIcon, ChevronSmallUpIcon, ChevronUpIcon, ChromaticIcon, ChromeIcon, CircleHollowIcon, CircleIcon, ClearIcon, CloseAltIcon, CloseIcon, CloudHollowIcon, CloudIcon, CogIcon, CollapseIcon, CommandIcon, CommentAddIcon, CommentIcon, CommentsIcon, CommitIcon, CompassIcon, ComponentDrivenIcon, ComponentIcon, ContrastIcon, ControlsIcon, CopyIcon, CreditIcon, CrossIcon, DashboardIcon, DatabaseIcon, DeleteIcon, DiamondIcon, DirectionIcon, DiscordIcon, DocChartIcon, DocListIcon, DocumentIcon, DownloadIcon, DragIcon, EditIcon, EllipsisIcon, EmailIcon, ExpandAltIcon, ExpandIcon, EyeCloseIcon, EyeIcon, FaceHappyIcon, FaceNeutralIcon, FaceSadIcon, FacebookIcon, FailedIcon, FastForwardIcon, FigmaIcon, FilterIcon, FlagIcon, FolderIcon, FormIcon, GDriveIcon, GithubIcon, GitlabIcon, GlobeIcon, GoogleIcon, GraphBarIcon, GraphLineIcon, GraphqlIcon, GridAltIcon, GridIcon, GrowIcon, HeartHollowIcon, HeartIcon, HomeIcon, HourglassIcon, InfoIcon, ItalicIcon, JumpToIcon, KeyIcon, LightningIcon, LightningOffIcon, LinkBrokenIcon, LinkIcon, LinkedinIcon, LinuxIcon, ListOrderedIcon, ListUnorderedIcon, LocationIcon, LockIcon, MarkdownIcon, MarkupIcon, MediumIcon, MemoryIcon, MenuIcon, MergeIcon, MirrorIcon, MobileIcon, MoonIcon, NutIcon, OutboxIcon, OutlineIcon, PaintBrushIcon, PaperClipIcon, ParagraphIcon, PassedIcon, PhoneIcon, PhotoDragIcon, PhotoIcon, PinAltIcon, PinIcon, PlayBackIcon, PlayIcon, PlayNextIcon, PlusIcon, PointerDefaultIcon, PointerHandIcon, PowerIcon, PrintIcon, ProceedIcon, ProfileIcon, PullRequestIcon, QuestionIcon, RSSIcon, RedirectIcon, ReduxIcon, RefreshIcon, ReplyIcon, RepoIcon, RequestChangeIcon, RewindIcon, RulerIcon, SearchIcon, ShareAltIcon, ShareIcon, ShieldIcon, SideBySideIcon, SidebarAltIcon, SidebarAltToggleIcon, SidebarIcon, SidebarToggleIcon, SpeakerIcon, StackedIcon, StarHollowIcon, StarIcon, StickerIcon, StopAltIcon, StopIcon, StorybookIcon, StructureIcon, SubtractIcon, SunIcon, SupportIcon, SwitchAltIcon, SyncIcon, TabletIcon, ThumbsUpIcon, TimeIcon, TimerIcon, TransferIcon, TrashIcon, TwitterIcon, TypeIcon, UbuntuIcon, UndoIcon, UnfoldIcon, UnlockIcon, UnpinIcon, UploadIcon, UserAddIcon, UserAltIcon, UserIcon, UsersIcon, VSCodeIcon, VerifiedIcon, VideoIcon, WandIcon, WatchIcon, WindowsIcon, WrenchIcon, YoutubeIcon, ZoomIcon, ZoomOutIcon, ZoomResetIcon, iconList)
WARN export 'Icon'.'ZoomReset' (imported as 'Icon') was not found in '@storybook/components/experimental' (possible exports: AccessibilityAltIcon, AccessibilityIcon, AddIcon, AdminIcon, AlertAltIcon, AlertIcon, AlignLeftIcon, AlignRightIcon, AppleIcon, ArrowDownIcon, ArrowLeftIcon, ArrowRightIcon, ArrowSolidDownIcon, ArrowSolidLeftIcon, ArrowSolidRightIcon, ArrowSolidUpIcon, ArrowUpIcon, AzureDevOpsIcon, BackIcon, BasketIcon, BatchAcceptIcon, BatchDenyIcon, BeakerIcon, BellIcon, BitbucketIcon, BoldIcon, BookIcon, BookmarkHollowIcon, BookmarkIcon, BottomBarIcon, BottomBarToggleIcon, BoxIcon, BranchIcon, BrowserIcon, ButtonIcon, CPUIcon, CalendarIcon, CameraIcon, CategoryIcon, CertificateIcon, ChangedIcon, ChatIcon, CheckIcon, ChevronDownIcon, ChevronLeftIcon, ChevronRightIcon, ChevronSmallDownIcon, ChevronSmallLeftIcon, ChevronSmallRightIcon, ChevronSmallUpIcon, ChevronUpIcon, ChromaticIcon, ChromeIcon, CircleHollowIcon, CircleIcon, ClearIcon, CloseAltIcon, CloseIcon, CloudHollowIcon, CloudIcon, CogIcon, CollapseIcon, CommandIcon, CommentAddIcon, CommentIcon, CommentsIcon, CommitIcon, CompassIcon, ComponentDrivenIcon, ComponentIcon, ContrastIcon, ControlsIcon, CopyIcon, CreditIcon, CrossIcon, DashboardIcon, DatabaseIcon, DeleteIcon, DiamondIcon, DirectionIcon, DiscordIcon, DocChartIcon, DocListIcon, DocumentIcon, DownloadIcon, DragIcon, EditIcon, EllipsisIcon, EmailIcon, ExpandAltIcon, ExpandIcon, EyeCloseIcon, EyeIcon, FaceHappyIcon, FaceNeutralIcon, FaceSadIcon, FacebookIcon, FailedIcon, FastForwardIcon, FigmaIcon, FilterIcon, FlagIcon, FolderIcon, FormIcon, GDriveIcon, GithubIcon, GitlabIcon, GlobeIcon, GoogleIcon, GraphBarIcon, GraphLineIcon, GraphqlIcon, GridAltIcon, GridIcon, GrowIcon, HeartHollowIcon, HeartIcon, HomeIcon, HourglassIcon, InfoIcon, ItalicIcon, JumpToIcon, KeyIcon, LightningIcon, LightningOffIcon, LinkBrokenIcon, LinkIcon, LinkedinIcon, LinuxIcon, ListOrderedIcon, ListUnorderedIcon, LocationIcon, LockIcon, MarkdownIcon, MarkupIcon, MediumIcon, MemoryIcon, MenuIcon, MergeIcon, MirrorIcon, MobileIcon, MoonIcon, NutIcon, OutboxIcon, OutlineIcon, PaintBrushIcon, PaperClipIcon, ParagraphIcon, PassedIcon, PhoneIcon, PhotoDragIcon, PhotoIcon, PinAltIcon, PinIcon, PlayBackIcon, PlayIcon, PlayNextIcon, PlusIcon, PointerDefaultIcon, PointerHandIcon, PowerIcon, PrintIcon, ProceedIcon, ProfileIcon, PullRequestIcon, QuestionIcon, RSSIcon, RedirectIcon, ReduxIcon, RefreshIcon, ReplyIcon, RepoIcon, RequestChangeIcon, RewindIcon, RulerIcon, SearchIcon, ShareAltIcon, ShareIcon, ShieldIcon, SideBySideIcon, SidebarAltIcon, SidebarAltToggleIcon, SidebarIcon, SidebarToggleIcon, SpeakerIcon, StackedIcon, StarHollowIcon, StarIcon, StickerIcon, StopAltIcon, StopIcon, StorybookIcon, StructureIcon, SubtractIcon, SunIcon, SupportIcon, SwitchAltIcon, SyncIcon, TabletIcon, ThumbsUpIcon, TimeIcon, TimerIcon, TransferIcon, TrashIcon, TwitterIcon, TypeIcon, UbuntuIcon, UndoIcon, UnfoldIcon, UnlockIcon, UnpinIcon, UploadIcon, UserAddIcon, UserAltIcon, UserIcon, UsersIcon, VSCodeIcon, VerifiedIcon, VideoIcon, WandIcon, WatchIcon, WindowsIcon, WrenchIcon, YoutubeIcon, ZoomIcon, ZoomOutIcon, ZoomResetIcon, iconList)
WARN export 'Icon'.'ChevronDown' (imported as 'Icon') was not found in '@storybook/components/experimental' (possible exports: AccessibilityAltIcon, AccessibilityIcon, AddIcon, AdminIcon, AlertAltIcon, AlertIcon, AlignLeftIcon, AlignRightIcon, AppleIcon, ArrowDownIcon, ArrowLeftIcon, ArrowRightIcon, ArrowSolidDownIcon, ArrowSolidLeftIcon, ArrowSolidRightIcon, ArrowSolidUpIcon, ArrowUpIcon, AzureDevOpsIcon, BackIcon, BasketIcon, BatchAcceptIcon, BatchDenyIcon, BeakerIcon, BellIcon, BitbucketIcon, BoldIcon, BookIcon, BookmarkHollowIcon, BookmarkIcon, BottomBarIcon, BottomBarToggleIcon, BoxIcon, BranchIcon, BrowserIcon, ButtonIcon, CPUIcon, CalendarIcon, CameraIcon, CategoryIcon, CertificateIcon, ChangedIcon, ChatIcon, CheckIcon, ChevronDownIcon, ChevronLeftIcon, ChevronRightIcon, ChevronSmallDownIcon, ChevronSmallLeftIcon, ChevronSmallRightIcon, ChevronSmallUpIcon, ChevronUpIcon, ChromaticIcon, ChromeIcon, CircleHollowIcon, CircleIcon, ClearIcon, CloseAltIcon, CloseIcon, CloudHollowIcon, CloudIcon, CogIcon, CollapseIcon, CommandIcon, CommentAddIcon, CommentIcon, CommentsIcon, CommitIcon, CompassIcon, ComponentDrivenIcon, ComponentIcon, ContrastIcon, ControlsIcon, CopyIcon, CreditIcon, CrossIcon, DashboardIcon, DatabaseIcon, DeleteIcon, DiamondIcon, DirectionIcon, DiscordIcon, DocChartIcon, DocListIcon, DocumentIcon, DownloadIcon, DragIcon, EditIcon, EllipsisIcon, EmailIcon, ExpandAltIcon, ExpandIcon, EyeCloseIcon, EyeIcon, FaceHappyIcon, FaceNeutralIcon, FaceSadIcon, FacebookIcon, FailedIcon, FastForwardIcon, FigmaIcon, FilterIcon, FlagIcon, FolderIcon, FormIcon, GDriveIcon, GithubIcon, GitlabIcon, GlobeIcon, GoogleIcon, GraphBarIcon, GraphLineIcon, GraphqlIcon, GridAltIcon, GridIcon, GrowIcon, HeartHollowIcon, HeartIcon, HomeIcon, HourglassIcon, InfoIcon, ItalicIcon, JumpToIcon, KeyIcon, LightningIcon, LightningOffIcon, LinkBrokenIcon, LinkIcon, LinkedinIcon, LinuxIcon, ListOrderedIcon, ListUnorderedIcon, LocationIcon, LockIcon, MarkdownIcon, MarkupIcon, MediumIcon, MemoryIcon, MenuIcon, MergeIcon, MirrorIcon, MobileIcon, MoonIcon, NutIcon, OutboxIcon, OutlineIcon, PaintBrushIcon, PaperClipIcon, ParagraphIcon, PassedIcon, PhoneIcon, PhotoDragIcon, PhotoIcon, PinAltIcon, PinIcon, PlayBackIcon, PlayIcon, PlayNextIcon, PlusIcon, PointerDefaultIcon, PointerHandIcon, PowerIcon, PrintIcon, ProceedIcon, ProfileIcon, PullRequestIcon, QuestionIcon, RSSIcon, RedirectIcon, ReduxIcon, RefreshIcon, ReplyIcon, RepoIcon, RequestChangeIcon, RewindIcon, RulerIcon, SearchIcon, ShareAltIcon, ShareIcon, ShieldIcon, SideBySideIcon, SidebarAltIcon, SidebarAltToggleIcon, SidebarIcon, SidebarToggleIcon, SpeakerIcon, StackedIcon, StarHollowIcon, StarIcon, StickerIcon, StopAltIcon, StopIcon, StorybookIcon, StructureIcon, SubtractIcon, SunIcon, SupportIcon, SwitchAltIcon, SyncIcon, TabletIcon, ThumbsUpIcon, TimeIcon, TimerIcon, TransferIcon, TrashIcon, TwitterIcon, TypeIcon, UbuntuIcon, UndoIcon, UnfoldIcon, UnlockIcon, UnpinIcon, UploadIcon, UserAddIcon, UserAltIcon, UserIcon, UsersIcon, VSCodeIcon, VerifiedIcon, VideoIcon, WandIcon, WatchIcon, WindowsIcon, WrenchIcon, YoutubeIcon, ZoomIcon, ZoomOutIcon, ZoomResetIcon, iconList)
WARN export 'Icon'.'EyeClose' (imported as 'Icon') was not found in '@storybook/components/experimental' (possible exports: AccessibilityAltIcon, AccessibilityIcon, AddIcon, AdminIcon, AlertAltIcon, AlertIcon, AlignLeftIcon, AlignRightIcon, AppleIcon, ArrowDownIcon, ArrowLeftIcon, ArrowRightIcon, ArrowSolidDownIcon, ArrowSolidLeftIcon, ArrowSolidRightIcon, ArrowSolidUpIcon, ArrowUpIcon, AzureDevOpsIcon, BackIcon, BasketIcon, BatchAcceptIcon, BatchDenyIcon, BeakerIcon, BellIcon, BitbucketIcon, BoldIcon, BookIcon, BookmarkHollowIcon, BookmarkIcon, BottomBarIcon, BottomBarToggleIcon, BoxIcon, BranchIcon, BrowserIcon, ButtonIcon, CPUIcon, CalendarIcon, CameraIcon, CategoryIcon, CertificateIcon, ChangedIcon, ChatIcon, CheckIcon, ChevronDownIcon, ChevronLeftIcon, ChevronRightIcon, ChevronSmallDownIcon, ChevronSmallLeftIcon, ChevronSmallRightIcon, ChevronSmallUpIcon, ChevronUpIcon, ChromaticIcon, ChromeIcon, CircleHollowIcon, CircleIcon, ClearIcon, CloseAltIcon, CloseIcon, CloudHollowIcon, CloudIcon, CogIcon, CollapseIcon, CommandIcon, CommentAddIcon, CommentIcon, CommentsIcon, CommitIcon, CompassIcon, ComponentDrivenIcon, ComponentIcon, ContrastIcon, ControlsIcon, CopyIcon, CreditIcon, CrossIcon, DashboardIcon, DatabaseIcon, DeleteIcon, DiamondIcon, DirectionIcon, DiscordIcon, DocChartIcon, DocListIcon, DocumentIcon, DownloadIcon, DragIcon, EditIcon, EllipsisIcon, EmailIcon, ExpandAltIcon, ExpandIcon, EyeCloseIcon, EyeIcon, FaceHappyIcon, FaceNeutralIcon, FaceSadIcon, FacebookIcon, FailedIcon, FastForwardIcon, FigmaIcon, FilterIcon, FlagIcon, FolderIcon, FormIcon, GDriveIcon, GithubIcon, GitlabIcon, GlobeIcon, GoogleIcon, GraphBarIcon, GraphLineIcon, GraphqlIcon, GridAltIcon, GridIcon, GrowIcon, HeartHollowIcon, HeartIcon, HomeIcon, HourglassIcon, InfoIcon, ItalicIcon, JumpToIcon, KeyIcon, LightningIcon, LightningOffIcon, LinkBrokenIcon, LinkIcon, LinkedinIcon, LinuxIcon, ListOrderedIcon, ListUnorderedIcon, LocationIcon, LockIcon, MarkdownIcon, MarkupIcon, MediumIcon, MemoryIcon, MenuIcon, MergeIcon, MirrorIcon, MobileIcon, MoonIcon, NutIcon, OutboxIcon, OutlineIcon, PaintBrushIcon, PaperClipIcon, ParagraphIcon, PassedIcon, PhoneIcon, PhotoDragIcon, PhotoIcon, PinAltIcon, PinIcon, PlayBackIcon, PlayIcon, PlayNextIcon, PlusIcon, PointerDefaultIcon, PointerHandIcon, PowerIcon, PrintIcon, ProceedIcon, ProfileIcon, PullRequestIcon, QuestionIcon, RSSIcon, RedirectIcon, ReduxIcon, RefreshIcon, ReplyIcon, RepoIcon, RequestChangeIcon, RewindIcon, RulerIcon, SearchIcon, ShareAltIcon, ShareIcon, ShieldIcon, SideBySideIcon, SidebarAltIcon, SidebarAltToggleIcon, SidebarIcon, SidebarToggleIcon, SpeakerIcon, StackedIcon, StarHollowIcon, StarIcon, StickerIcon, StopAltIcon, StopIcon, StorybookIcon, StructureIcon, SubtractIcon, SunIcon, SupportIcon, SwitchAltIcon, SyncIcon, TabletIcon, ThumbsUpIcon, TimeIcon, TimerIcon, TransferIcon, TrashIcon, TwitterIcon, TypeIcon, UbuntuIcon, UndoIcon, UnfoldIcon, UnlockIcon, UnpinIcon, UploadIcon, UserAddIcon, UserAltIcon, UserIcon, UsersIcon, VSCodeIcon, VerifiedIcon, VideoIcon, WandIcon, WatchIcon, WindowsIcon, WrenchIcon, YoutubeIcon, ZoomIcon, ZoomOutIcon, ZoomResetIcon, iconList)
WARN export 'Icon'.'Eye' (imported as 'Icon') was not found in '@storybook/components/experimental' (possible exports: AccessibilityAltIcon, AccessibilityIcon, AddIcon, AdminIcon, AlertAltIcon, AlertIcon, AlignLeftIcon, AlignRightIcon, AppleIcon, ArrowDownIcon, ArrowLeftIcon, ArrowRightIcon, ArrowSolidDownIcon, ArrowSolidLeftIcon, ArrowSolidRightIcon, ArrowSolidUpIcon, ArrowUpIcon, AzureDevOpsIcon, BackIcon, BasketIcon, BatchAcceptIcon, BatchDenyIcon, BeakerIcon, BellIcon, BitbucketIcon, BoldIcon, BookIcon, BookmarkHollowIcon, BookmarkIcon, BottomBarIcon, BottomBarToggleIcon, BoxIcon, BranchIcon, BrowserIcon, ButtonIcon, CPUIcon, CalendarIcon, CameraIcon, CategoryIcon, CertificateIcon, ChangedIcon, ChatIcon, CheckIcon, ChevronDownIcon, ChevronLeftIcon, ChevronRightIcon, ChevronSmallDownIcon, ChevronSmallLeftIcon, ChevronSmallRightIcon, ChevronSmallUpIcon, ChevronUpIcon, ChromaticIcon, ChromeIcon, CircleHollowIcon, CircleIcon, ClearIcon, CloseAltIcon, CloseIcon, CloudHollowIcon, CloudIcon, CogIcon, CollapseIcon, CommandIcon, CommentAddIcon, CommentIcon, CommentsIcon, CommitIcon, CompassIcon, ComponentDrivenIcon, ComponentIcon, ContrastIcon, ControlsIcon, CopyIcon, CreditIcon, CrossIcon, DashboardIcon, DatabaseIcon, DeleteIcon, DiamondIcon, DirectionIcon, DiscordIcon, DocChartIcon, DocListIcon, DocumentIcon, DownloadIcon, DragIcon, EditIcon, EllipsisIcon, EmailIcon, ExpandAltIcon, ExpandIcon, EyeCloseIcon, EyeIcon, FaceHappyIcon, FaceNeutralIcon, FaceSadIcon, FacebookIcon, FailedIcon, FastForwardIcon, FigmaIcon, FilterIcon, FlagIcon, FolderIcon, FormIcon, GDriveIcon, GithubIcon, GitlabIcon, GlobeIcon, GoogleIcon, GraphBarIcon, GraphLineIcon, GraphqlIcon, GridAltIcon, GridIcon, GrowIcon, HeartHollowIcon, HeartIcon, HomeIcon, HourglassIcon, InfoIcon, ItalicIcon, JumpToIcon, KeyIcon, LightningIcon, LightningOffIcon, LinkBrokenIcon, LinkIcon, LinkedinIcon, LinuxIcon, ListOrderedIcon, ListUnorderedIcon, LocationIcon, LockIcon, MarkdownIcon, MarkupIcon, MediumIcon, MemoryIcon, MenuIcon, MergeIcon, MirrorIcon, MobileIcon, MoonIcon, NutIcon, OutboxIcon, OutlineIcon, PaintBrushIcon, PaperClipIcon, ParagraphIcon, PassedIcon, PhoneIcon, PhotoDragIcon, PhotoIcon, PinAltIcon, PinIcon, PlayBackIcon, PlayIcon, PlayNextIcon, PlusIcon, PointerDefaultIcon, PointerHandIcon, PowerIcon, PrintIcon, ProceedIcon, ProfileIcon, PullRequestIcon, QuestionIcon, RSSIcon, RedirectIcon, ReduxIcon, RefreshIcon, ReplyIcon, RepoIcon, RequestChangeIcon, RewindIcon, RulerIcon, SearchIcon, ShareAltIcon, ShareIcon, ShieldIcon, SideBySideIcon, SidebarAltIcon, SidebarAltToggleIcon, SidebarIcon, SidebarToggleIcon, SpeakerIcon, StackedIcon, StarHollowIcon, StarIcon, StickerIcon, StopAltIcon, StopIcon, StorybookIcon, StructureIcon, SubtractIcon, SunIcon, SupportIcon, SwitchAltIcon, SyncIcon, TabletIcon, ThumbsUpIcon, TimeIcon, TimerIcon, TransferIcon, TrashIcon, TwitterIcon, TypeIcon, UbuntuIcon, UndoIcon, UnfoldIcon, UnlockIcon, UnpinIcon, UploadIcon, UserAddIcon, UserAltIcon, UserIcon, UsersIcon, VSCodeIcon, VerifiedIcon, VideoIcon, WandIcon, WatchIcon, WindowsIcon, WrenchIcon, YoutubeIcon, ZoomIcon, ZoomOutIcon, ZoomResetIcon, iconList)
WARN export 'Icon'.'Undo' (imported as 'Icon') was not found in '@storybook/components/experimental' (possible exports: AccessibilityAltIcon, AccessibilityIcon, AddIcon, AdminIcon, AlertAltIcon, AlertIcon, AlignLeftIcon, AlignRightIcon, AppleIcon, ArrowDownIcon, ArrowLeftIcon, ArrowRightIcon, ArrowSolidDownIcon, ArrowSolidLeftIcon, ArrowSolidRightIcon, ArrowSolidUpIcon, ArrowUpIcon, AzureDevOpsIcon, BackIcon, BasketIcon, BatchAcceptIcon, BatchDenyIcon, BeakerIcon, BellIcon, BitbucketIcon, BoldIcon, BookIcon, BookmarkHollowIcon, BookmarkIcon, BottomBarIcon, BottomBarToggleIcon, BoxIcon, BranchIcon, BrowserIcon, ButtonIcon, CPUIcon, CalendarIcon, CameraIcon, CategoryIcon, CertificateIcon, ChangedIcon, ChatIcon, CheckIcon, ChevronDownIcon, ChevronLeftIcon, ChevronRightIcon, ChevronSmallDownIcon, ChevronSmallLeftIcon, ChevronSmallRightIcon, ChevronSmallUpIcon, ChevronUpIcon, ChromaticIcon, ChromeIcon, CircleHollowIcon, CircleIcon, ClearIcon, CloseAltIcon, CloseIcon, CloudHollowIcon, CloudIcon, CogIcon, CollapseIcon, CommandIcon, CommentAddIcon, CommentIcon, CommentsIcon, CommitIcon, CompassIcon, ComponentDrivenIcon, ComponentIcon, ContrastIcon, ControlsIcon, CopyIcon, CreditIcon, CrossIcon, DashboardIcon, DatabaseIcon, DeleteIcon, DiamondIcon, DirectionIcon, DiscordIcon, DocChartIcon, DocListIcon, DocumentIcon, DownloadIcon, DragIcon, EditIcon, EllipsisIcon, EmailIcon, ExpandAltIcon, ExpandIcon, EyeCloseIcon, EyeIcon, FaceHappyIcon, FaceNeutralIcon, FaceSadIcon, FacebookIcon, FailedIcon, FastForwardIcon, FigmaIcon, FilterIcon, FlagIcon, FolderIcon, FormIcon, GDriveIcon, GithubIcon, GitlabIcon, GlobeIcon, GoogleIcon, GraphBarIcon, GraphLineIcon, GraphqlIcon, GridAltIcon, GridIcon, GrowIcon, HeartHollowIcon, HeartIcon, HomeIcon, HourglassIcon, InfoIcon, ItalicIcon, JumpToIcon, KeyIcon, LightningIcon, LightningOffIcon, LinkBrokenIcon, LinkIcon, LinkedinIcon, LinuxIcon, ListOrderedIcon, ListUnorderedIcon, LocationIcon, LockIcon, MarkdownIcon, MarkupIcon, MediumIcon, MemoryIcon, MenuIcon, MergeIcon, MirrorIcon, MobileIcon, MoonIcon, NutIcon, OutboxIcon, OutlineIcon, PaintBrushIcon, PaperClipIcon, ParagraphIcon, PassedIcon, PhoneIcon, PhotoDragIcon, PhotoIcon, PinAltIcon, PinIcon, PlayBackIcon, PlayIcon, PlayNextIcon, PlusIcon, PointerDefaultIcon, PointerHandIcon, PowerIcon, PrintIcon, ProceedIcon, ProfileIcon, PullRequestIcon, QuestionIcon, RSSIcon, RedirectIcon, ReduxIcon, RefreshIcon, ReplyIcon, RepoIcon, RequestChangeIcon, RewindIcon, RulerIcon, SearchIcon, ShareAltIcon, ShareIcon, ShieldIcon, SideBySideIcon, SidebarAltIcon, SidebarAltToggleIcon, SidebarIcon, SidebarToggleIcon, SpeakerIcon, StackedIcon, StarHollowIcon, StarIcon, StickerIcon, StopAltIcon, StopIcon, StorybookIcon, StructureIcon, SubtractIcon, SunIcon, SupportIcon, SwitchAltIcon, SyncIcon, TabletIcon, ThumbsUpIcon, TimeIcon, TimerIcon, TransferIcon, TrashIcon, TwitterIcon, TypeIcon, UbuntuIcon, UndoIcon, UnfoldIcon, UnlockIcon, UnpinIcon, UploadIcon, UserAddIcon, UserAltIcon, UserIcon, UsersIcon, VSCodeIcon, VerifiedIcon, VideoIcon, WandIcon, WatchIcon, WindowsIcon, WrenchIcon, YoutubeIcon, ZoomIcon, ZoomOutIcon, ZoomResetIcon, iconList)
WARN export 'Icon'.'Link' (imported as 'Icon') was not found in '@storybook/components/experimental' (possible exports: AccessibilityAltIcon, AccessibilityIcon, AddIcon, AdminIcon, AlertAltIcon, AlertIcon, AlignLeftIcon, AlignRightIcon, AppleIcon, ArrowDownIcon, ArrowLeftIcon, ArrowRightIcon, ArrowSolidDownIcon, ArrowSolidLeftIcon, ArrowSolidRightIcon, ArrowSolidUpIcon, ArrowUpIcon, AzureDevOpsIcon, BackIcon, BasketIcon, BatchAcceptIcon, BatchDenyIcon, BeakerIcon, BellIcon, BitbucketIcon, BoldIcon, BookIcon, BookmarkHollowIcon, BookmarkIcon, BottomBarIcon, BottomBarToggleIcon, BoxIcon, BranchIcon, BrowserIcon, ButtonIcon, CPUIcon, CalendarIcon, CameraIcon, CategoryIcon, CertificateIcon, ChangedIcon, ChatIcon, CheckIcon, ChevronDownIcon, ChevronLeftIcon, ChevronRightIcon, ChevronSmallDownIcon, ChevronSmallLeftIcon, ChevronSmallRightIcon, ChevronSmallUpIcon, ChevronUpIcon, ChromaticIcon, ChromeIcon, CircleHollowIcon, CircleIcon, ClearIcon, CloseAltIcon, CloseIcon, CloudHollowIcon, CloudIcon, CogIcon, CollapseIcon, CommandIcon, CommentAddIcon, CommentIcon, CommentsIcon, CommitIcon, CompassIcon, ComponentDrivenIcon, ComponentIcon, ContrastIcon, ControlsIcon, CopyIcon, CreditIcon, CrossIcon, DashboardIcon, DatabaseIcon, DeleteIcon, DiamondIcon, DirectionIcon, DiscordIcon, DocChartIcon, DocListIcon, DocumentIcon, DownloadIcon, DragIcon, EditIcon, EllipsisIcon, EmailIcon, ExpandAltIcon, ExpandIcon, EyeCloseIcon, EyeIcon, FaceHappyIcon, FaceNeutralIcon, FaceSadIcon, FacebookIcon, FailedIcon, FastForwardIcon, FigmaIcon, FilterIcon, FlagIcon, FolderIcon, FormIcon, GDriveIcon, GithubIcon, GitlabIcon, GlobeIcon, GoogleIcon, GraphBarIcon, GraphLineIcon, GraphqlIcon, GridAltIcon, GridIcon, GrowIcon, HeartHollowIcon, HeartIcon, HomeIcon, HourglassIcon, InfoIcon, ItalicIcon, JumpToIcon, KeyIcon, LightningIcon, LightningOffIcon, LinkBrokenIcon, LinkIcon, LinkedinIcon, LinuxIcon, ListOrderedIcon, ListUnorderedIcon, LocationIcon, LockIcon, MarkdownIcon, MarkupIcon, MediumIcon, MemoryIcon, MenuIcon, MergeIcon, MirrorIcon, MobileIcon, MoonIcon, NutIcon, OutboxIcon, OutlineIcon, PaintBrushIcon, PaperClipIcon, ParagraphIcon, PassedIcon, PhoneIcon, PhotoDragIcon, PhotoIcon, PinAltIcon, PinIcon, PlayBackIcon, PlayIcon, PlayNextIcon, PlusIcon, PointerDefaultIcon, PointerHandIcon, PowerIcon, PrintIcon, ProceedIcon, ProfileIcon, PullRequestIcon, QuestionIcon, RSSIcon, RedirectIcon, ReduxIcon, RefreshIcon, ReplyIcon, RepoIcon, RequestChangeIcon, RewindIcon, RulerIcon, SearchIcon, ShareAltIcon, ShareIcon, ShieldIcon, SideBySideIcon, SidebarAltIcon, SidebarAltToggleIcon, SidebarIcon, SidebarToggleIcon, SpeakerIcon, StackedIcon, StarHollowIcon, StarIcon, StickerIcon, StopAltIcon, StopIcon, StorybookIcon, StructureIcon, SubtractIcon, SunIcon, SupportIcon, SwitchAltIcon, SyncIcon, TabletIcon, ThumbsUpIcon, TimeIcon, TimerIcon, TransferIcon, TrashIcon, TwitterIcon, TypeIcon, UbuntuIcon, UndoIcon, UnfoldIcon, UnlockIcon, UnpinIcon, UploadIcon, UserAddIcon, UserAltIcon, UserIcon, UsersIcon, VSCodeIcon, VerifiedIcon, VideoIcon, WandIcon, WatchIcon, WindowsIcon, WrenchIcon, YoutubeIcon, ZoomIcon, ZoomOutIcon, ZoomResetIcon, iconList)
WARN export 'GlobalStyles' (imported as 'GlobalStyles') was not found in '@/styles/GlobalStyles' (possible exports: default)
WARN export 'ChevronRight' (imported as 'Icon') was not found in '@storybook/icons' (possible exports: AccessibilityAltIcon, AccessibilityIcon, AddIcon, AdminIcon, AlertAltIcon, AlertIcon, AlignLeftIcon, AlignRightIcon, AppleIcon, ArrowDownIcon, ArrowLeftIcon, ArrowRightIcon, ArrowSolidDownIcon, ArrowSolidLeftIcon, ArrowSolidRightIcon, ArrowSolidUpIcon, ArrowUpIcon, AzureDevOpsIcon, BackIcon, BasketIcon, BatchAcceptIcon, BatchDenyIcon, BeakerIcon, BellIcon, BitbucketIcon, BoldIcon, BookIcon, BookmarkHollowIcon, BookmarkIcon, BottomBarIcon, BottomBarToggleIcon, BoxIcon, BranchIcon, BrowserIcon, ButtonIcon, CPUIcon, CalendarIcon, CameraIcon, CategoryIcon, CertificateIcon, ChangedIcon, ChatIcon, CheckIcon, ChevronDownIcon, ChevronLeftIcon, ChevronRightIcon, ChevronSmallDownIcon, ChevronSmallLeftIcon, ChevronSmallRightIcon, ChevronSmallUpIcon, ChevronUpIcon, ChromaticIcon, ChromeIcon, CircleHollowIcon, CircleIcon, ClearIcon, CloseAltIcon, CloseIcon, CloudHollowIcon, CloudIcon, CogIcon, CollapseIcon, CommandIcon, CommentAddIcon, CommentIcon, CommentsIcon, CommitIcon, CompassIcon, ComponentDrivenIcon, ComponentIcon, ContrastIcon, ControlsIcon, CopyIcon, CreditIcon, CrossIcon, DashboardIcon, DatabaseIcon, DeleteIcon, DiamondIcon, DirectionIcon, DiscordIcon, DocChartIcon, DocListIcon, DocumentIcon, DownloadIcon, DragIcon, EditIcon, EllipsisIcon, EmailIcon, ExpandAltIcon, ExpandIcon, EyeCloseIcon, EyeIcon, FaceHappyIcon, FaceNeutralIcon, FaceSadIcon, FacebookIcon, FailedIcon, FastForwardIcon, FigmaIcon, FilterIcon, FlagIcon, FolderIcon, FormIcon, GDriveIcon, GithubIcon, GitlabIcon, GlobeIcon, GoogleIcon, GraphBarIcon, GraphLineIcon, GraphqlIcon, GridAltIcon, GridIcon, GrowIcon, HeartHollowIcon, HeartIcon, HomeIcon, HourglassIcon, InfoIcon, ItalicIcon, JumpToIcon, KeyIcon, LightningIcon, LightningOffIcon, LinkBrokenIcon, LinkIcon, LinkedinIcon, LinuxIcon, ListOrderedIcon, ListUnorderedIcon, LocationIcon, LockIcon, MarkdownIcon, MarkupIcon, MediumIcon, MemoryIcon, MenuIcon, MergeIcon, MirrorIcon, MobileIcon, MoonIcon, NutIcon, OutboxIcon, OutlineIcon, PaintBrushIcon, PaperClipIcon, ParagraphIcon, PassedIcon, PhoneIcon, PhotoDragIcon, PhotoIcon, PinAltIcon, PinIcon, PlayBackIcon, PlayIcon, PlayNextIcon, PlusIcon, PointerDefaultIcon, PointerHandIcon, PowerIcon, PrintIcon, ProceedIcon, ProfileIcon, PullRequestIcon, QuestionIcon, RSSIcon, RedirectIcon, ReduxIcon, RefreshIcon, ReplyIcon, RepoIcon, RequestChangeIcon, RewindIcon, RulerIcon, SearchIcon, ShareAltIcon, ShareIcon, ShieldIcon, SideBySideIcon, SidebarAltIcon, SidebarAltToggleIcon, SidebarIcon, SidebarToggleIcon, SpeakerIcon, StackedIcon, StarHollowIcon, StarIcon, StickerIcon, StopAltIcon, StopIcon, StorybookIcon, StructureIcon, SubtractIcon, SunIcon, SupportIcon, SwitchAltIcon, SyncIcon, TabletIcon, ThumbsUpIcon, TimeIcon, TimerIcon, TransferIcon, TrashIcon, TwitterIcon, TypeIcon, UbuntuIcon, UndoIcon, UnfoldIcon, UnlockIcon, UnpinIcon, UploadIcon, UserAddIcon, UserAltIcon, UserIcon, UsersIcon, VSCodeIcon, VerifiedIcon, VideoIcon, WandIcon, WatchIcon, WindowsIcon, WrenchIcon, YoutubeIcon, ZoomIcon, ZoomOutIcon, ZoomResetIcon, iconList)
WARN Critical dependency: require function is used in a way in which dependencies cannot be statically extracted
WARN Critical dependency: require function is used in a way in which dependencies cannot be statically extracted
WARN asset size limit: The following asset(s) exceed the recommended size limit (244 KiB).
WARN This can impact web performance.
WARN Assets: 
WARN   150.40fa8905.iframe.bundle.js (583 KiB)
WARN   120.515a952b.iframe.bundle.js (996 KiB)
WARN   374.b8cb15ea.iframe.bundle.js (798 KiB)
WARN entrypoint size limit: The following entrypoint(s) combined asset size exceeds the recommended limit (244 KiB). This can impact web performance.
WARN Entrypoints:
WARN   main (819 KiB)
WARN       runtime~main.69dc83f4.iframe.bundle.js
WARN       374.b8cb15ea.iframe.bundle.js
WARN       main.99361897.iframe.bundle.js
WARN 
<s> [webpack.Progress] 99% cache shutdown
<s> [webpack.Progress] 99% cache shutdown
<s> [webpack.Progress] 100% 

info => Output directory: C:\Users\ssssk\AppData\Local\Temp\chromatic--25252-1DHFf0hd1T3P
